# JRE version: Java(TM) SE Runtime Environment (8.0_311-b11) (build 1.8.0_311-b11)
# Java VM: Java HotSpot(TM) 64-Bit Server VM (25.311-b11 mixed mode windows-amd64 compressed oops)
Heap:
 PSYoungGen      total 210944K, used 30957K [0x00000000e0000000, 0x00000000ee400000, 0x0000000100000000)
  eden space 201728K, 14% used [0x00000000e0000000,0x00000000e1cbb5a8,0x00000000ec500000)
  from space 9216K, 16% used [0x00000000edb00000,0x00000000edc80020,0x00000000ee400000)
  to   space 12288K, 0% used [0x00000000ecf00000,0x00000000ecf00000,0x00000000edb00000)
 ParOldGen       total 133632K, used 34410K [0x00000000a0000000, 0x00000000a8280000, 0x00000000e0000000)
  object space 133632K, 25% used [0x00000000a0000000,0x00000000a219abb8,0x00000000a8280000)
 Metaspace       used 51504K, capacity 52592K, committed 52904K, reserved 1095680K
  class space    used 7147K, capacity 7468K, committed 7592K, reserved 1048576K
GC Heap History (10 events):
Event: 16.830 GC heap before
{Heap before GC invocations=8 (full 1):
 PSYoungGen      total 128000K, used 42222K [0x00000000e0000000, 0x00000000e8a80000, 0x0000000100000000)
  eden space 115200K, 28% used [0x00000000e0000000,0x00000000e1fd42b8,0x00000000e7080000)
  from space 12800K, 75% used [0x00000000e7d00000,0x00000000e8667870,0x00000000e8980000)
  to   space 12800K, 0% used [0x00000000e7080000,0x00000000e7080000,0x00000000e7d00000)
 ParOldGen       total 86016K, used 7635K [0x00000000a0000000, 0x00000000a5400000, 0x00000000e0000000)
  object space 86016K, 8% used [0x00000000a0000000,0x00000000a0774c88,0x00000000a5400000)
 Metaspace       used 34675K, capacity 35268K, committed 35496K, reserved 1079296K
  class space    used 4846K, capacity 5004K, committed 5032K, reserved 1048576K
Event: 16.838 GC heap after
Heap after GC invocations=8 (full 1):
 PSYoungGen      total 128000K, used 7534K [0x00000000e0000000, 0x00000000eea00000, 0x0000000100000000)
  eden space 115200K, 0% used [0x00000000e0000000,0x00000000e0000000,0x00000000e7080000)
  from space 12800K, 58% used [0x00000000e7080000,0x00000000e77dba30,0x00000000e7d00000)
  to   space 12288K, 0% used [0x00000000ede00000,0x00000000ede00000,0x00000000eea00000)
 ParOldGen       total 86016K, used 7643K [0x00000000a0000000, 0x00000000a5400000, 0x00000000e0000000)
  object space 86016K, 8% used [0x00000000a0000000,0x00000000a0776c88,0x00000000a5400000)
 Metaspace       used 34675K, capacity 35268K, committed 35496K, reserved 1079296K
  class space    used 4846K, capacity 5004K, committed 5032K, reserved 1048576K
}
Event: 16.838 GC heap before
{Heap before GC invocations=9 (full 2):
 PSYoungGen      total 128000K, used 7534K [0x00000000e0000000, 0x00000000eea00000, 0x0000000100000000)
  eden space 115200K, 0% used [0x00000000e0000000,0x00000000e0000000,0x00000000e7080000)
  from space 12800K, 58% used [0x00000000e7080000,0x00000000e77dba30,0x00000000e7d00000)
  to   space 12288K, 0% used [0x00000000ede00000,0x00000000ede00000,0x00000000eea00000)
 ParOldGen       total 86016K, used 7643K [0x00000000a0000000, 0x00000000a5400000, 0x00000000e0000000)
  object space 86016K, 8% used [0x00000000a0000000,0x00000000a0776c88,0x00000000a5400000)
 Metaspace       used 34675K, capacity 35268K, committed 35496K, reserved 1079296K
  class space    used 4846K, capacity 5004K, committed 5032K, reserved 1048576K
Event: 16.946 GC heap after
Heap after GC invocations=9 (full 2):
 PSYoungGen      total 128000K, used 0K [0x00000000e0000000, 0x00000000eea00000, 0x0000000100000000)
  eden space 115200K, 0% used [0x00000000e0000000,0x00000000e0000000,0x00000000e7080000)
  from space 12800K, 0% used [0x00000000e7080000,0x00000000e7080000,0x00000000e7d00000)
  to   space 12288K, 0% used [0x00000000ede00000,0x00000000ede00000,0x00000000eea00000)
 ParOldGen       total 133632K, used 14592K [0x00000000a0000000, 0x00000000a8280000, 0x00000000e0000000)
  object space 133632K, 10% used [0x00000000a0000000,0x00000000a0e402a0,0x00000000a8280000)
 Metaspace       used 34650K, capacity 35240K, committed 35496K, reserved 1079296K
  class space    used 4839K, capacity 4996K, committed 5032K, reserved 1048576K
}
Event: 18.667 GC heap before
{Heap before GC invocations=10 (full 2):
 PSYoungGen      total 128000K, used 115200K [0x00000000e0000000, 0x00000000eea00000, 0x0000000100000000)
  eden space 115200K, 100% used [0x00000000e0000000,0x00000000e7080000,0x00000000e7080000)
  from space 12800K, 0% used [0x00000000e7080000,0x00000000e7080000,0x00000000e7d00000)
  to   space 12288K, 0% used [0x00000000ede00000,0x00000000ede00000,0x00000000eea00000)
 ParOldGen       total 133632K, used 14592K [0x00000000a0000000, 0x00000000a8280000, 0x00000000e0000000)
  object space 133632K, 10% used [0x00000000a0000000,0x00000000a0e402a0,0x00000000a8280000)
 Metaspace       used 41265K, capacity 42174K, committed 42536K, reserved 1085440K
  class space    used 5843K, capacity 6081K, committed 6184K, reserved 1048576K
Event: 18.675 GC heap after
Heap after GC invocations=10 (full 2):
 PSYoungGen      total 173568K, used 9124K [0x00000000e0000000, 0x00000000ee700000, 0x0000000100000000)
  eden space 164352K, 0% used [0x00000000e0000000,0x00000000e0000000,0x00000000ea080000)
  from space 9216K, 99% used [0x00000000ede00000,0x00000000ee6e9390,0x00000000ee700000)
  to   space 12288K, 0% used [0x00000000ecf00000,0x00000000ecf00000,0x00000000edb00000)
 ParOldGen       total 133632K, used 14600K [0x00000000a0000000, 0x00000000a8280000, 0x00000000e0000000)
  object space 133632K, 10% used [0x00000000a0000000,0x00000000a0e422a0,0x00000000a8280000)
 Metaspace       used 41265K, capacity 42174K, committed 42536K, reserved 1085440K
  class space    used 5843K, capacity 6081K, committed 6184K, reserved 1048576K
}
Event: 26.369 GC heap before
{Heap before GC invocations=11 (full 2):
 PSYoungGen      total 173568K, used 173476K [0x00000000e0000000, 0x00000000ee700000, 0x0000000100000000)
  eden space 164352K, 100% used [0x00000000e0000000,0x00000000ea080000,0x00000000ea080000)
  from space 9216K, 99% used [0x00000000ede00000,0x00000000ee6e9390,0x00000000ee700000)
  to   space 12288K, 0% used [0x00000000ecf00000,0x00000000ecf00000,0x00000000edb00000)
 ParOldGen       total 133632K, used 14600K [0x00000000a0000000, 0x00000000a8280000, 0x00000000e0000000)
  object space 133632K, 10% used [0x00000000a0000000,0x00000000a0e422a0,0x00000000a8280000)
 Metaspace       used 51427K, capacity 52592K, committed 52904K, reserved 1095680K
  class space    used 7146K, capacity 7468K, committed 7592K, reserved 1048576K
Event: 26.395 GC heap after
Heap after GC invocations=11 (full 2):
 PSYoungGen      total 214016K, used 12273K [0x00000000e0000000, 0x00000000ee400000, 0x0000000100000000)
  eden space 201728K, 0% used [0x00000000e0000000,0x00000000e0000000,0x00000000ec500000)
  from space 12288K, 99% used [0x00000000ecf00000,0x00000000edafc738,0x00000000edb00000)
  to   space 9216K, 0% used [0x00000000edb00000,0x00000000edb00000,0x00000000ee400000)
 ParOldGen       total 133632K, used 21579K [0x00000000a0000000, 0x00000000a8280000, 0x00000000e0000000)
  object space 133632K, 16% used [0x00000000a0000000,0x00000000a1512ef8,0x00000000a8280000)
 Metaspace       used 51427K, capacity 52592K, committed 52904K, reserved 1095680K
  class space    used 7146K, capacity 7468K, committed 7592K, reserved 1048576K
}
Event: 26.831 GC heap before
{Heap before GC invocations=12 (full 2):
 PSYoungGen      total 214016K, used 214001K [0x00000000e0000000, 0x00000000ee400000, 0x0000000100000000)
  eden space 201728K, 100% used [0x00000000e0000000,0x00000000ec500000,0x00000000ec500000)
  from space 12288K, 99% used [0x00000000ecf00000,0x00000000edafc738,0x00000000edb00000)
  to   space 9216K, 0% used [0x00000000edb00000,0x00000000edb00000,0x00000000ee400000)
 ParOldGen       total 133632K, used 21579K [0x00000000a0000000, 0x00000000a8280000, 0x00000000e0000000)
  object space 133632K, 16% used [0x00000000a0000000,0x00000000a1512ef8,0x00000000a8280000)
 Metaspace       used 51501K, capacity 52592K, committed 52904K, reserved 1095680K
  class space    used 7147K, capacity 7468K, committed 7592K, reserved 1048576K
Event: 26.844 GC heap after
Heap after GC invocations=12 (full 2):
 PSYoungGen      total 210944K, used 9201K [0x00000000e0000000, 0x00000000ee400000, 0x0000000100000000)
  eden space 201728K, 0% used [0x00000000e0000000,0x00000000e0000000,0x00000000ec500000)
  from space 9216K, 99% used [0x00000000edb00000,0x00000000ee3fc6e8,0x00000000ee400000)
  to   space 12288K, 0% used [0x00000000ecf00000,0x00000000ecf00000,0x00000000edb00000)
 ParOldGen       total 133632K, used 25199K [0x00000000a0000000, 0x00000000a8280000, 0x00000000e0000000)
  object space 133632K, 18% used [0x00000000a0000000,0x00000000a189bea0,0x00000000a8280000)
 Metaspace       used 51501K, capacity 52592K, committed 52904K, reserved 1095680K
  class space    used 7147K, capacity 7468K, committed 7592K, reserved 1048576K
}

